[2026-05-25 00:19:02] [INFO] 组合任务日志已创建：府水 | combo_key=fu_shui | log_path=D:\pycharm_pro\Local-Video-Renamer\combo_task_logs\20260525_001902_fu_shui.log | run_id=20260525_001902_fu_shui
[2026-05-25 00:19:02] [INFO] 组合任务开始执行 | combo_key=fu_shui | combo_label=府水 | cooldown_before_search=False | limit=6 | show_browser=True
[2026-05-25 00:19:02] [INFO] 子任务准备启动 | limit=6 | task_key=code_prefix_javtxt | task_label=番号库 / 辛聚谷
[2026-05-25 00:19:02] [INFO] 子任务准备启动 | limit=6 | task_key=actor_avfan | task_label=演员库 / 天限阁
[2026-05-25 00:19:02] [INFO] AVFan 组合任务浏览器配置已准备 | profile_dir=D:\pycharm_pro\Local-Video-Renamer\browser_profiles\combo\actor_avfan | reason=target_has_login_state | seeded=False | source_profile_dir=D:\pycharm_pro\Local-Video-Renamer\browser_profiles\avfan | task_key=actor_avfan
[2026-05-25 00:19:02] [WARNING] ================== AVFan 登录态继承摘要 ==================
[2026-05-25 00:19:02] [WARNING] 子任务: actor_avfan
[2026-05-25 00:19:02] [WARNING] 本次是否继承登录态: 未继承
[2026-05-25 00:19:02] [WARNING] 继承来源 profile: D:\pycharm_pro\Local-Video-Renamer\browser_profiles\avfan
[2026-05-25 00:19:02] [WARNING] 当前使用 profile: D:\pycharm_pro\Local-Video-Renamer\browser_profiles\combo\actor_avfan
[2026-05-25 00:19:02] [WARNING] 说明: 组合任务 profile 已经带有登录态，因此本次没有再次继承。
[2026-05-25 00:19:02] [WARNING] ===================================================
[2026-05-25 00:19:02] [INFO] 子任务开始处理候选项 | source_label=天陨阁 | task_key=actor_avfan | task_label=演员库 / 天限阁 | total_count=6
[2026-05-25 00:19:03] [INFO] 子任务开始处理候选项 | source_label=辛聚谷 | task_key=code_prefix_javtxt | task_label=番号库 / 辛聚谷 | total_count=6
[2026-05-25 00:20:19] [INFO] 子任务进度更新 | current_item=たかの愛 | failed_count=0 | processed_count=1 | success_count=1 | task_key=actor_avfan
[2026-05-25 00:23:45] [INFO] 子任务进度更新 | current_item=ちゃんよた | failed_count=0 | processed_count=2 | success_count=2 | task_key=actor_avfan
[2026-05-25 00:25:49] [INFO] 子任务进度更新 | current_item=ひなたまりん | failed_count=1 | processed_count=3 | success_count=2 | task_key=actor_avfan
[2026-05-25 00:26:47] [INFO] 子任务进度更新 | current_item=ましろ杏 | failed_count=1 | processed_count=4 | success_count=3 | task_key=actor_avfan
[2026-05-25 00:28:50] [INFO] 子任务进度更新 | current_item=みづなれい | failed_count=1 | processed_count=5 | success_count=4 | task_key=actor_avfan
[2026-05-25 00:29:20] [INFO] 子任务进度更新 | current_item=みなと羽琉 | failed_count=1 | processed_count=6 | success_count=5 | task_key=actor_avfan
[2026-05-25 00:29:20] [ERROR] 子任务执行异常 | error=ComboTaskLogger.log() got multiple values for argument 'message' | task_key=actor_avfan | task_label=演员库 / 天限阁
[2026-05-25 00:29:23] [INFO] 子任务进度更新 | current_item=ACHJ | failed_count=0 | processed_count=1 | success_count=1 | task_key=code_prefix_javtxt
[2026-05-25 00:29:23] [ERROR] 子任务执行异常 | error=ComboTaskLogger.log() got multiple values for argument 'message' | task_key=code_prefix_javtxt | task_label=番号库 / 辛聚谷
[2026-05-25 00:29:23] [INFO] 组合任务执行结束 | combo_key=fu_shui | failed_count=0 | processed_count=0 | remaining_count=0 | requires_manual_verification=False | stopped=False | success_count=0
