[2026-05-25 00:33:42] [INFO] 组合任务日志已创建：府水 | combo_key=fu_shui | log_path=D:\pycharm_pro\Local-Video-Renamer\combo_task_logs\20260525_003342_fu_shui.log | run_id=20260525_003342_fu_shui
[2026-05-25 00:33:42] [INFO] 组合任务开始执行 | combo_key=fu_shui | combo_label=府水 | cooldown_before_search=False | limit=6 | show_browser=True
[2026-05-25 00:33:42] [INFO] 子任务准备启动 | limit=6 | task_key=code_prefix_javtxt | task_label=番号库 / 辛聚谷
[2026-05-25 00:33:42] [INFO] 子任务准备启动 | limit=6 | task_key=actor_avfan | task_label=演员库 / 天限阁
[2026-05-25 00:33:42] [INFO] AVFan 组合任务浏览器配置已准备 | profile_dir=D:\pycharm_pro\Local-Video-Renamer\browser_profiles\combo\actor_avfan | reason=target_has_login_state | seeded=False | source_profile_dir=D:\pycharm_pro\Local-Video-Renamer\browser_profiles\avfan | task_key=actor_avfan
[2026-05-25 00:33:42] [WARNING] ================== AVFan 登录态继承摘要 ==================
[2026-05-25 00:33:42] [WARNING] 子任务: actor_avfan
[2026-05-25 00:33:42] [WARNING] 本次是否继承登录态: 未继承
[2026-05-25 00:33:42] [WARNING] 继承来源 profile: D:\pycharm_pro\Local-Video-Renamer\browser_profiles\avfan
[2026-05-25 00:33:42] [WARNING] 当前使用 profile: D:\pycharm_pro\Local-Video-Renamer\browser_profiles\combo\actor_avfan
[2026-05-25 00:33:42] [WARNING] 说明: 组合任务 profile 已经带有登录态，因此本次没有再次继承。
[2026-05-25 00:33:42] [WARNING] ===================================================
[2026-05-25 00:33:42] [INFO] 子任务开始处理候选项 | source_label=天陨阁 | task_key=actor_avfan | task_label=演员库 / 天限阁 | total_count=6
[2026-05-25 00:33:43] [INFO] 子任务开始处理候选项 | source_label=辛聚谷 | task_key=code_prefix_javtxt | task_label=番号库 / 辛聚谷 | total_count=6
[2026-05-25 00:34:20] [INFO] 子任务进度更新 | current_item=ひなたまりん | failed_count=0 | processed_count=1 | success_count=1 | task_key=actor_avfan
[2026-05-25 00:34:37] [INFO] 子任务进度更新 | current_item=みなみ羽琉 | failed_count=0 | processed_count=2 | success_count=2 | task_key=actor_avfan
[2026-05-25 00:39:25] [INFO] 子任务进度更新 | current_item=みひな | failed_count=0 | processed_count=3 | success_count=3 | task_key=actor_avfan
[2026-05-25 00:39:43] [INFO] 子任务进度更新 | current_item=ももの真利奈 | failed_count=0 | processed_count=4 | success_count=4 | task_key=actor_avfan
[2026-05-25 00:41:34] [INFO] 子任务进度更新 | current_item=よしい美希 | failed_count=0 | processed_count=5 | success_count=5 | task_key=actor_avfan
[2026-05-25 00:43:08] [INFO] 子任务进度更新 | current_item=ジューン・ラブジョイ | failed_count=0 | processed_count=6 | success_count=6 | task_key=actor_avfan
[2026-05-25 00:43:08] [INFO] 子任务进度结束 | detail_message=演员库补全已完成。 | stopped=False | task_key=actor_avfan
[2026-05-25 00:43:08] [INFO] 子任务执行完成 | failed_count=0 | processed_count=6 | remaining_count=744 | requires_manual_verification=False | result_message= | stopped=False | success_count=6 | task_key=actor_avfan | task_label=演员库 / 天限阁
[2026-05-25 00:46:40] [INFO] 子任务进度更新 | current_item=ACZD | failed_count=0 | processed_count=1 | success_count=1 | task_key=code_prefix_javtxt
[2026-05-25 00:46:41] [INFO] 子任务进度结束 | detail_message=番号库主演补全已停止。 | stopped=True | task_key=code_prefix_javtxt
[2026-05-25 00:46:41] [INFO] 子任务执行完成 | failed_count=0 | processed_count=1 | remaining_count=161 | requires_manual_verification=False | result_message= | stopped=True | success_count=1 | task_key=code_prefix_javtxt | task_label=番号库 / 辛聚谷
[2026-05-25 00:46:41] [INFO] 组合任务执行结束 | combo_key=fu_shui | failed_count=0 | processed_count=7 | remaining_count=905 | requires_manual_verification=False | stopped=True | success_count=7
